<?xml version="1.0" encoding="UTF-8"?>
<testsuite xmlns:xsi="http://www.w3.org/2001/XMLSchema-instance" xsi:noNamespaceSchemaLocation="https://maven.apache.org/surefire/maven-surefire-plugin/xsd/surefire-test-report-3.0.xsd" version="3.0" name="org.itmo.softwaretesting1.domain.SceneDomainModelTest" time="0.022" tests="6" errors="0" skipped="0" failures="0">
  <properties>
[...]
</properties>
  <testcase name="mainNarrationRunsWithoutExceptions" classname="org.itmo.softwaretesting1.domain.SceneDomainModelTest" time="0.011">
    <system-out><![CDATA[Надвигающиеся воздухоплавающие грызуны появляются на сцене.
Артур в состоянии: HYPNOTIZED
Триллиан в отчаянии схватила Артура за руку.
Триллиан тянет Артура к двери, которую Форд и Зафод пытаются открыть.
Форд пытается открыть дверь.
Зафод также пытается открыть дверь.
Дверь открыта: true, попыток: 2
Артур приходит в себя и выходит из состояния гипноза.
Артур в состоянии: ALIVE
]]></system-out>
  </testcase>
  <testcase name="approachingFlyingRodentsHypnotizeArthur" classname="org.itmo.softwaretesting1.domain.SceneDomainModelTest" time="0.002"/>
  <testcase name="arthurCanWakeUpFromHypnosis" classname="org.itmo.softwaretesting1.domain.SceneDomainModelTest" time="0.0"/>
  <testcase name="fordAndZaphodUseInterfacePerson" classname="org.itmo.softwaretesting1.domain.SceneDomainModelTest" time="0.0"/>
  <testcase name="fordAndZaphodAttemptToOpenDoor" classname="org.itmo.softwaretesting1.domain.SceneDomainModelTest" time="0.001"/>
  <testcase name="trillianGrabsArthurAndPullsToDoor" classname="org.itmo.softwaretesting1.domain.SceneDomainModelTest" time="0.0"/>
</testsuite>